[2025-12-04 18:31:45] local.ERROR: PHP Parse error: Syntax error, unexpected T_NS_SEPARATOR, expecting ')' on line 1 {"exception":"[object] (Psy\\Exception\\ParseErrorException(code: 0): PHP Parse error: Syntax error, unexpected T_NS_SEPARATOR, expecting ')' on line 1 at C:\\Users\\imaru\\Desktop\\dev\\laravel_turamunicipal\\vendor\\psy\\psysh\\src\\Exception\\ParseErrorException.php:44)
[stacktrace]
#0 C:\\Users\\imaru\\Desktop\\dev\\laravel_turamunicipal\\vendor\\psy\\psysh\\src\\CodeCleaner.php(311): Psy\\Exception\\ParseErrorException::fromParseError(Object(PhpParser\\Error))
#1 C:\\Users\\imaru\\Desktop\\dev\\laravel_turamunicipal\\vendor\\psy\\psysh\\src\\CodeCleaner.php(240): Psy\\CodeCleaner->parse('<?php try { DB:...', false)
#2 C:\\Users\\imaru\\Desktop\\dev\\laravel_turamunicipal\\vendor\\psy\\psysh\\src\\Shell.php(848): Psy\\CodeCleaner->clean(Array, false)
#3 C:\\Users\\imaru\\Desktop\\dev\\laravel_turamunicipal\\vendor\\psy\\psysh\\src\\Shell.php(877): Psy\\Shell->addCode('try { DB::conne...', true)
#4 C:\\Users\\imaru\\Desktop\\dev\\laravel_turamunicipal\\vendor\\psy\\psysh\\src\\Shell.php(1342): Psy\\Shell->setCode('try { DB::conne...', true)
#5 C:\\Users\\imaru\\Desktop\\dev\\laravel_turamunicipal\\vendor\\laravel\\tinker\\src\\Console\\TinkerCommand.php(76): Psy\\Shell->execute('try { DB::conne...')
#6 C:\\Users\\imaru\\Desktop\\dev\\laravel_turamunicipal\\vendor\\laravel\\framework\\src\\Illuminate\\Container\\BoundMethod.php(36): Laravel\\Tinker\\Console\\TinkerCommand->handle()
#7 C:\\Users\\imaru\\Desktop\\dev\\laravel_turamunicipal\\vendor\\laravel\\framework\\src\\Illuminate\\Container\\Util.php(41): Illuminate\\Container\\BoundMethod::Illuminate\\Container\\{closure}()
#8 C:\\Users\\imaru\\Desktop\\dev\\laravel_turamunicipal\\vendor\\laravel\\framework\\src\\Illuminate\\Container\\BoundMethod.php(93): Illuminate\\Container\\Util::unwrapIfClosure(Object(Closure))
#9 C:\\Users\\imaru\\Desktop\\dev\\laravel_turamunicipal\\vendor\\laravel\\framework\\src\\Illuminate\\Container\\BoundMethod.php(35): Illuminate\\Container\\BoundMethod::callBoundMethod(Object(Illuminate\\Foundation\\Application), Array, Object(Closure))
#10 C:\\Users\\imaru\\Desktop\\dev\\laravel_turamunicipal\\vendor\\laravel\\framework\\src\\Illuminate\\Container\\Container.php(662): Illuminate\\Container\\BoundMethod::call(Object(Illuminate\\Foundation\\Application), Array, Array, NULL)
#11 C:\\Users\\imaru\\Desktop\\dev\\laravel_turamunicipal\\vendor\\laravel\\framework\\src\\Illuminate\\Console\\Command.php(211): Illuminate\\Container\\Container->call(Array)
#12 C:\\Users\\imaru\\Desktop\\dev\\laravel_turamunicipal\\vendor\\symfony\\console\\Command\\Command.php(326): Illuminate\\Console\\Command->execute(Object(Symfony\\Component\\Console\\Input\\ArgvInput), Object(Illuminate\\Console\\OutputStyle))
#13 C:\\Users\\imaru\\Desktop\\dev\\laravel_turamunicipal\\vendor\\laravel\\framework\\src\\Illuminate\\Console\\Command.php(180): Symfony\\Component\\Console\\Command\\Command->run(Object(Symfony\\Component\\Console\\Input\\ArgvInput), Object(Illuminate\\Console\\OutputStyle))
#14 C:\\Users\\imaru\\Desktop\\dev\\laravel_turamunicipal\\vendor\\symfony\\console\\Application.php(1096): Illuminate\\Console\\Command->run(Object(Symfony\\Component\\Console\\Input\\ArgvInput), Object(Symfony\\Component\\Console\\Output\\ConsoleOutput))
#15 C:\\Users\\imaru\\Desktop\\dev\\laravel_turamunicipal\\vendor\\symfony\\console\\Application.php(324): Symfony\\Component\\Console\\Application->doRunCommand(Object(Laravel\\Tinker\\Console\\TinkerCommand), Object(Symfony\\Component\\Console\\Input\\ArgvInput), Object(Symfony\\Component\\Console\\Output\\ConsoleOutput))
#16 C:\\Users\\imaru\\Desktop\\dev\\laravel_turamunicipal\\vendor\\symfony\\console\\Application.php(175): Symfony\\Component\\Console\\Application->doRun(Object(Symfony\\Component\\Console\\Input\\ArgvInput), Object(Symfony\\Component\\Console\\Output\\ConsoleOutput))
#17 C:\\Users\\imaru\\Desktop\\dev\\laravel_turamunicipal\\vendor\\laravel\\framework\\src\\Illuminate\\Foundation\\Console\\Kernel.php(201): Symfony\\Component\\Console\\Application->run(Object(Symfony\\Component\\Console\\Input\\ArgvInput), Object(Symfony\\Component\\Console\\Output\\ConsoleOutput))
#18 C:\\Users\\imaru\\Desktop\\dev\\laravel_turamunicipal\\artisan(35): Illuminate\\Foundation\\Console\\Kernel->handle(Object(Symfony\\Component\\Console\\Input\\ArgvInput), Object(Symfony\\Component\\Console\\Output\\ConsoleOutput))
#19 {main}
"} 
[2025-12-04 18:33:02] local.ERROR: Unexpected error in login {"email":"arun.devfolio@gmail.com","error":"SQLSTATE[HY000] [1045] Access denied for user 'u608187177_municipal_prod'@'localhost' (using password: YES) (Connection: mysql, SQL: select * from `users` where `email` = arun.devfolio@gmail.com limit 1)","file":"C:\\Users\\imaru\\Desktop\\dev\\laravel_turamunicipal\\vendor\\laravel\\framework\\src\\Illuminate\\Database\\Connection.php","line":829} 
[2025-12-04 18:37:30] local.ERROR: Unexpected error in login {"email":"arun.devfolio@gmail.com","error":"SQLSTATE[42S02]: Base table or view not found: 1146 Table 'u608187177_municipal_prod.users' doesn't exist (Connection: mysql, SQL: select * from `users` where `email` = arun.devfolio@gmail.com limit 1)","file":"C:\\Users\\imaru\\Desktop\\dev\\laravel_turamunicipal\\vendor\\laravel\\framework\\src\\Illuminate\\Database\\Connection.php","line":829} 
[2025-12-04 18:38:50] local.ERROR: Unexpected error in login {"email":"arun.devfolio@gmail.com","error":"SQLSTATE[42S02]: Base table or view not found: 1146 Table 'u608187177_municipal_prod.users' doesn't exist (Connection: mysql, SQL: select * from `users` where `email` = arun.devfolio@gmail.com limit 1)","file":"C:\\Users\\imaru\\Desktop\\dev\\laravel_turamunicipal\\vendor\\laravel\\framework\\src\\Illuminate\\Database\\Connection.php","line":829} 
[2025-12-04 18:51:11] local.ERROR: Unexpected error in login {"email":"arun.devfolio@gmail.com","error":"SQLSTATE[42S02]: Base table or view not found: 1146 Table 'u608187177_municipal_prod.users' doesn't exist (Connection: mysql, SQL: select * from `users` where `email` = arun.devfolio@gmail.com limit 1)","file":"C:\\Users\\imaru\\Desktop\\dev\\laravel_turamunicipal\\vendor\\laravel\\framework\\src\\Illuminate\\Database\\Connection.php","line":829} 
[2025-12-07 10:23:09] local.ERROR: Class "Barryvdh\DomPDF\ServiceProvider" not found {"exception":"[object] (Error(code: 0): Class \"Barryvdh\\DomPDF\\ServiceProvider\" not found at C:\\Users\\imaru\\Desktop\\dev\\laravel_turamunicipal\\vendor\\laravel\\framework\\src\\Illuminate\\Foundation\\Application.php:855)
[stacktrace]
#0 C:\\Users\\imaru\\Desktop\\dev\\laravel_turamunicipal\\vendor\\laravel\\framework\\src\\Illuminate\\Foundation\\Application.php(789): Illuminate\\Foundation\\Application->resolveProvider('Barryvdh\\\\DomPDF...')
#1 C:\\Users\\imaru\\Desktop\\dev\\laravel_turamunicipal\\vendor\\laravel\\framework\\src\\Illuminate\\Foundation\\ProviderRepository.php(75): Illuminate\\Foundation\\Application->register('Barryvdh\\\\DomPDF...')
#2 C:\\Users\\imaru\\Desktop\\dev\\laravel_turamunicipal\\vendor\\laravel\\framework\\src\\Illuminate\\Foundation\\Application.php(769): Illuminate\\Foundation\\ProviderRepository->load(Array)
#3 C:\\Users\\imaru\\Desktop\\dev\\laravel_turamunicipal\\vendor\\laravel\\framework\\src\\Illuminate\\Foundation\\Bootstrap\\RegisterProviders.php(17): Illuminate\\Foundation\\Application->registerConfiguredProviders()
#4 C:\\Users\\imaru\\Desktop\\dev\\laravel_turamunicipal\\vendor\\laravel\\framework\\src\\Illuminate\\Foundation\\Application.php(263): Illuminate\\Foundation\\Bootstrap\\RegisterProviders->bootstrap(Object(Illuminate\\Foundation\\Application))
#5 C:\\Users\\imaru\\Desktop\\dev\\laravel_turamunicipal\\vendor\\laravel\\framework\\src\\Illuminate\\Foundation\\Console\\Kernel.php(447): Illuminate\\Foundation\\Application->bootstrapWith(Array)
#6 C:\\Users\\imaru\\Desktop\\dev\\laravel_turamunicipal\\vendor\\laravel\\framework\\src\\Illuminate\\Foundation\\Console\\Kernel.php(199): Illuminate\\Foundation\\Console\\Kernel->bootstrap()
#7 C:\\Users\\imaru\\Desktop\\dev\\laravel_turamunicipal\\artisan(35): Illuminate\\Foundation\\Console\\Kernel->handle(Object(Symfony\\Component\\Console\\Input\\ArgvInput), Object(Symfony\\Component\\Console\\Output\\ConsoleOutput))
#8 {main}
"} 
[2025-12-07 10:32:11] local.ERROR: SQLSTATE[HY000]: General error: 1005 Can't create table `u608187177_municipal_local`.`pet_dog_registrations` (errno: 150 "Foreign key constraint is incorrectly formed") (Connection: mysql, SQL: alter table `pet_dog_registrations` add constraint `pet_dog_registrations_user_id_foreign` foreign key (`user_id`) references `users` (`id`)) {"exception":"[object] (Illuminate\\Database\\QueryException(code: HY000): SQLSTATE[HY000]: General error: 1005 Can't create table `u608187177_municipal_local`.`pet_dog_registrations` (errno: 150 \"Foreign key constraint is incorrectly formed\") (Connection: mysql, SQL: alter table `pet_dog_registrations` add constraint `pet_dog_registrations_user_id_foreign` foreign key (`user_id`) references `users` (`id`)) at C:\\Users\\imaru\\Desktop\\dev\\laravel_turamunicipal\\vendor\\laravel\\framework\\src\\Illuminate\\Database\\Connection.php:829)
[stacktrace]
#0 C:\\Users\\imaru\\Desktop\\dev\\laravel_turamunicipal\\vendor\\laravel\\framework\\src\\Illuminate\\Database\\Connection.php(783): Illuminate\\Database\\Connection->runQueryCallback('alter table `pe...', Array, Object(Closure))
#1 C:\\Users\\imaru\\Desktop\\dev\\laravel_turamunicipal\\vendor\\laravel\\framework\\src\\Illuminate\\Database\\Connection.php(576): Illuminate\\Database\\Connection->run('alter table `pe...', Array, Object(Closure))
#2 C:\\Users\\imaru\\Desktop\\dev\\laravel_turamunicipal\\vendor\\laravel\\framework\\src\\Illuminate\\Database\\Schema\\Blueprint.php(110): Illuminate\\Database\\Connection->statement('alter table `pe...')
#3 C:\\Users\\imaru\\Desktop\\dev\\laravel_turamunicipal\\vendor\\laravel\\framework\\src\\Illuminate\\Database\\Schema\\Builder.php(602): Illuminate\\Database\\Schema\\Blueprint->build(Object(Illuminate\\Database\\MySqlConnection), Object(Illuminate\\Database\\Schema\\Grammars\\MySqlGrammar))
#4 C:\\Users\\imaru\\Desktop\\dev\\laravel_turamunicipal\\vendor\\laravel\\framework\\src\\Illuminate\\Database\\Schema\\Builder.php(456): Illuminate\\Database\\Schema\\Builder->build(Object(Illuminate\\Database\\Schema\\Blueprint))
#5 C:\\Users\\imaru\\Desktop\\dev\\laravel_turamunicipal\\vendor\\laravel\\framework\\src\\Illuminate\\Support\\Facades\\Facade.php(355): Illuminate\\Database\\Schema\\Builder->create('pet_dog_registr...', Object(Closure))
#6 C:\\Users\\imaru\\Desktop\\dev\\laravel_turamunicipal\\database\\migrations\\2025_12_07_103114_create_pet_dog_registrations_table.php(14): Illuminate\\Support\\Facades\\Facade::__callStatic('create', Array)
#7 C:\\Users\\imaru\\Desktop\\dev\\laravel_turamunicipal\\vendor\\laravel\\framework\\src\\Illuminate\\Database\\Migrations\\Migrator.php(493): Illuminate\\Database\\Migrations\\Migration@anonymous->up()
#8 C:\\Users\\imaru\\Desktop\\dev\\laravel_turamunicipal\\vendor\\laravel\\framework\\src\\Illuminate\\Database\\Migrations\\Migrator.php(410): Illuminate\\Database\\Migrations\\Migrator->runMethod(Object(Illuminate\\Database\\MySqlConnection), Object(Illuminate\\Database\\Migrations\\Migration@anonymous), 'up')
#9 C:\\Users\\imaru\\Desktop\\dev\\laravel_turamunicipal\\vendor\\laravel\\framework\\src\\Illuminate\\Database\\Migrations\\Migrator.php(419): Illuminate\\Database\\Migrations\\Migrator->Illuminate\\Database\\Migrations\\{closure}()
#10 C:\\Users\\imaru\\Desktop\\dev\\laravel_turamunicipal\\vendor\\laravel\\framework\\src\\Illuminate\\Database\\Migrations\\Migrator.php(216): Illuminate\\Database\\Migrations\\Migrator->runMigration(Object(Illuminate\\Database\\Migrations\\Migration@anonymous), 'up')
#11 C:\\Users\\imaru\\Desktop\\dev\\laravel_turamunicipal\\vendor\\laravel\\framework\\src\\Illuminate\\Console\\View\\Components\\Task.php(37): Illuminate\\Database\\Migrations\\Migrator->Illuminate\\Database\\Migrations\\{closure}()
#12 C:\\Users\\imaru\\Desktop\\dev\\laravel_turamunicipal\\vendor\\laravel\\framework\\src\\Illuminate\\Database\\Migrations\\Migrator.php(756): Illuminate\\Console\\View\\Components\\Task->render('2025_12_07_1031...', Object(Closure))
#13 C:\\Users\\imaru\\Desktop\\dev\\laravel_turamunicipal\\vendor\\laravel\\framework\\src\\Illuminate\\Database\\Migrations\\Migrator.php(216): Illuminate\\Database\\Migrations\\Migrator->write('Illuminate\\\\Cons...', '2025_12_07_1031...', Object(Closure))
#14 C:\\Users\\imaru\\Desktop\\dev\\laravel_turamunicipal\\vendor\\laravel\\framework\\src\\Illuminate\\Database\\Migrations\\Migrator.php(181): Illuminate\\Database\\Migrations\\Migrator->runUp('C:\\\\Users\\\\imaru\\\\...', 9, false)
#15 C:\\Users\\imaru\\Desktop\\dev\\laravel_turamunicipal\\vendor\\laravel\\framework\\src\\Illuminate\\Database\\Migrations\\Migrator.php(124): Illuminate\\Database\\Migrations\\Migrator->runPending(Array, Array)
#16 C:\\Users\\imaru\\Desktop\\dev\\laravel_turamunicipal\\vendor\\laravel\\framework\\src\\Illuminate\\Database\\Console\\Migrations\\MigrateCommand.php(90): Illuminate\\Database\\Migrations\\Migrator->run(Array, Array)
#17 C:\\Users\\imaru\\Desktop\\dev\\laravel_turamunicipal\\vendor\\laravel\\framework\\src\\Illuminate\\Database\\Migrations\\Migrator.php(633): Illuminate\\Database\\Console\\Migrations\\MigrateCommand->Illuminate\\Database\\Console\\Migrations\\{closure}()
#18 C:\\Users\\imaru\\Desktop\\dev\\laravel_turamunicipal\\vendor\\laravel\\framework\\src\\Illuminate\\Database\\Console\\Migrations\\MigrateCommand.php(83): Illuminate\\Database\\Migrations\\Migrator->usingConnection(NULL, Object(Closure))
#19 C:\\Users\\imaru\\Desktop\\dev\\laravel_turamunicipal\\vendor\\laravel\\framework\\src\\Illuminate\\Container\\BoundMethod.php(36): Illuminate\\Database\\Console\\Migrations\\MigrateCommand->handle()
#20 C:\\Users\\imaru\\Desktop\\dev\\laravel_turamunicipal\\vendor\\laravel\\framework\\src\\Illuminate\\Container\\Util.php(41): Illuminate\\Container\\BoundMethod::Illuminate\\Container\\{closure}()
#21 C:\\Users\\imaru\\Desktop\\dev\\laravel_turamunicipal\\vendor\\laravel\\framework\\src\\Illuminate\\Container\\BoundMethod.php(93): Illuminate\\Container\\Util::unwrapIfClosure(Object(Closure))
#22 C:\\Users\\imaru\\Desktop\\dev\\laravel_turamunicipal\\vendor\\laravel\\framework\\src\\Illuminate\\Container\\BoundMethod.php(35): Illuminate\\Container\\BoundMethod::callBoundMethod(Object(Illuminate\\Foundation\\Application), Array, Object(Closure))
#23 C:\\Users\\imaru\\Desktop\\dev\\laravel_turamunicipal\\vendor\\laravel\\framework\\src\\Illuminate\\Container\\Container.php(662): Illuminate\\Container\\BoundMethod::call(Object(Illuminate\\Foundation\\Application), Array, Array, NULL)
#24 C:\\Users\\imaru\\Desktop\\dev\\laravel_turamunicipal\\vendor\\laravel\\framework\\src\\Illuminate\\Console\\Command.php(211): Illuminate\\Container\\Container->call(Array)
#25 C:\\Users\\imaru\\Desktop\\dev\\laravel_turamunicipal\\vendor\\symfony\\console\\Command\\Command.php(326): Illuminate\\Console\\Command->execute(Object(Symfony\\Component\\Console\\Input\\ArgvInput), Object(Illuminate\\Console\\OutputStyle))
#26 C:\\Users\\imaru\\Desktop\\dev\\laravel_turamunicipal\\vendor\\laravel\\framework\\src\\Illuminate\\Console\\Command.php(180): Symfony\\Component\\Console\\Command\\Command->run(Object(Symfony\\Component\\Console\\Input\\ArgvInput), Object(Illuminate\\Console\\OutputStyle))
#27 C:\\Users\\imaru\\Desktop\\dev\\laravel_turamunicipal\\vendor\\symfony\\console\\Application.php(1096): Illuminate\\Console\\Command->run(Object(Symfony\\Component\\Console\\Input\\ArgvInput), Object(Symfony\\Component\\Console\\Output\\ConsoleOutput))
#28 C:\\Users\\imaru\\Desktop\\dev\\laravel_turamunicipal\\vendor\\symfony\\console\\Application.php(324): Symfony\\Component\\Console\\Application->doRunCommand(Object(Illuminate\\Database\\Console\\Migrations\\MigrateCommand), Object(Symfony\\Component\\Console\\Input\\ArgvInput), Object(Symfony\\Component\\Console\\Output\\ConsoleOutput))
#29 C:\\Users\\imaru\\Desktop\\dev\\laravel_turamunicipal\\vendor\\symfony\\console\\Application.php(175): Symfony\\Component\\Console\\Application->doRun(Object(Symfony\\Component\\Console\\Input\\ArgvInput), Object(Symfony\\Component\\Console\\Output\\ConsoleOutput))
#30 C:\\Users\\imaru\\Desktop\\dev\\laravel_turamunicipal\\vendor\\laravel\\framework\\src\\Illuminate\\Foundation\\Console\\Kernel.php(201): Symfony\\Component\\Console\\Application->run(Object(Symfony\\Component\\Console\\Input\\ArgvInput), Object(Symfony\\Component\\Console\\Output\\ConsoleOutput))
#31 C:\\Users\\imaru\\Desktop\\dev\\laravel_turamunicipal\\artisan(35): Illuminate\\Foundation\\Console\\Kernel->handle(Object(Symfony\\Component\\Console\\Input\\ArgvInput), Object(Symfony\\Component\\Console\\Output\\ConsoleOutput))
#32 {main}

[previous exception] [object] (PDOException(code: HY000): SQLSTATE[HY000]: General error: 1005 Can't create table `u608187177_municipal_local`.`pet_dog_registrations` (errno: 150 \"Foreign key constraint is incorrectly formed\") at C:\\Users\\imaru\\Desktop\\dev\\laravel_turamunicipal\\vendor\\laravel\\framework\\src\\Illuminate\\Database\\Connection.php:587)
[stacktrace]
#0 C:\\Users\\imaru\\Desktop\\dev\\laravel_turamunicipal\\vendor\\laravel\\framework\\src\\Illuminate\\Database\\Connection.php(587): PDOStatement->execute()
#1 C:\\Users\\imaru\\Desktop\\dev\\laravel_turamunicipal\\vendor\\laravel\\framework\\src\\Illuminate\\Database\\Connection.php(816): Illuminate\\Database\\Connection->Illuminate\\Database\\{closure}('alter table `pe...', Array)
#2 C:\\Users\\imaru\\Desktop\\dev\\laravel_turamunicipal\\vendor\\laravel\\framework\\src\\Illuminate\\Database\\Connection.php(783): Illuminate\\Database\\Connection->runQueryCallback('alter table `pe...', Array, Object(Closure))
#3 C:\\Users\\imaru\\Desktop\\dev\\laravel_turamunicipal\\vendor\\laravel\\framework\\src\\Illuminate\\Database\\Connection.php(576): Illuminate\\Database\\Connection->run('alter table `pe...', Array, Object(Closure))
#4 C:\\Users\\imaru\\Desktop\\dev\\laravel_turamunicipal\\vendor\\laravel\\framework\\src\\Illuminate\\Database\\Schema\\Blueprint.php(110): Illuminate\\Database\\Connection->statement('alter table `pe...')
#5 C:\\Users\\imaru\\Desktop\\dev\\laravel_turamunicipal\\vendor\\laravel\\framework\\src\\Illuminate\\Database\\Schema\\Builder.php(602): Illuminate\\Database\\Schema\\Blueprint->build(Object(Illuminate\\Database\\MySqlConnection), Object(Illuminate\\Database\\Schema\\Grammars\\MySqlGrammar))
#6 C:\\Users\\imaru\\Desktop\\dev\\laravel_turamunicipal\\vendor\\laravel\\framework\\src\\Illuminate\\Database\\Schema\\Builder.php(456): Illuminate\\Database\\Schema\\Builder->build(Object(Illuminate\\Database\\Schema\\Blueprint))
#7 C:\\Users\\imaru\\Desktop\\dev\\laravel_turamunicipal\\vendor\\laravel\\framework\\src\\Illuminate\\Support\\Facades\\Facade.php(355): Illuminate\\Database\\Schema\\Builder->create('pet_dog_registr...', Object(Closure))
#8 C:\\Users\\imaru\\Desktop\\dev\\laravel_turamunicipal\\database\\migrations\\2025_12_07_103114_create_pet_dog_registrations_table.php(14): Illuminate\\Support\\Facades\\Facade::__callStatic('create', Array)
#9 C:\\Users\\imaru\\Desktop\\dev\\laravel_turamunicipal\\vendor\\laravel\\framework\\src\\Illuminate\\Database\\Migrations\\Migrator.php(493): Illuminate\\Database\\Migrations\\Migration@anonymous->up()
#10 C:\\Users\\imaru\\Desktop\\dev\\laravel_turamunicipal\\vendor\\laravel\\framework\\src\\Illuminate\\Database\\Migrations\\Migrator.php(410): Illuminate\\Database\\Migrations\\Migrator->runMethod(Object(Illuminate\\Database\\MySqlConnection), Object(Illuminate\\Database\\Migrations\\Migration@anonymous), 'up')
#11 C:\\Users\\imaru\\Desktop\\dev\\laravel_turamunicipal\\vendor\\laravel\\framework\\src\\Illuminate\\Database\\Migrations\\Migrator.php(419): Illuminate\\Database\\Migrations\\Migrator->Illuminate\\Database\\Migrations\\{closure}()
#12 C:\\Users\\imaru\\Desktop\\dev\\laravel_turamunicipal\\vendor\\laravel\\framework\\src\\Illuminate\\Database\\Migrations\\Migrator.php(216): Illuminate\\Database\\Migrations\\Migrator->runMigration(Object(Illuminate\\Database\\Migrations\\Migration@anonymous), 'up')
#13 C:\\Users\\imaru\\Desktop\\dev\\laravel_turamunicipal\\vendor\\laravel\\framework\\src\\Illuminate\\Console\\View\\Components\\Task.php(37): Illuminate\\Database\\Migrations\\Migrator->Illuminate\\Database\\Migrations\\{closure}()
#14 C:\\Users\\imaru\\Desktop\\dev\\laravel_turamunicipal\\vendor\\laravel\\framework\\src\\Illuminate\\Database\\Migrations\\Migrator.php(756): Illuminate\\Console\\View\\Components\\Task->render('2025_12_07_1031...', Object(Closure))
#15 C:\\Users\\imaru\\Desktop\\dev\\laravel_turamunicipal\\vendor\\laravel\\framework\\src\\Illuminate\\Database\\Migrations\\Migrator.php(216): Illuminate\\Database\\Migrations\\Migrator->write('Illuminate\\\\Cons...', '2025_12_07_1031...', Object(Closure))
#16 C:\\Users\\imaru\\Desktop\\dev\\laravel_turamunicipal\\vendor\\laravel\\framework\\src\\Illuminate\\Database\\Migrations\\Migrator.php(181): Illuminate\\Database\\Migrations\\Migrator->runUp('C:\\\\Users\\\\imaru\\\\...', 9, false)
#17 C:\\Users\\imaru\\Desktop\\dev\\laravel_turamunicipal\\vendor\\laravel\\framework\\src\\Illuminate\\Database\\Migrations\\Migrator.php(124): Illuminate\\Database\\Migrations\\Migrator->runPending(Array, Array)
#18 C:\\Users\\imaru\\Desktop\\dev\\laravel_turamunicipal\\vendor\\laravel\\framework\\src\\Illuminate\\Database\\Console\\Migrations\\MigrateCommand.php(90): Illuminate\\Database\\Migrations\\Migrator->run(Array, Array)
#19 C:\\Users\\imaru\\Desktop\\dev\\laravel_turamunicipal\\vendor\\laravel\\framework\\src\\Illuminate\\Database\\Migrations\\Migrator.php(633): Illuminate\\Database\\Console\\Migrations\\MigrateCommand->Illuminate\\Database\\Console\\Migrations\\{closure}()
#20 C:\\Users\\imaru\\Desktop\\dev\\laravel_turamunicipal\\vendor\\laravel\\framework\\src\\Illuminate\\Database\\Console\\Migrations\\MigrateCommand.php(83): Illuminate\\Database\\Migrations\\Migrator->usingConnection(NULL, Object(Closure))
#21 C:\\Users\\imaru\\Desktop\\dev\\laravel_turamunicipal\\vendor\\laravel\\framework\\src\\Illuminate\\Container\\BoundMethod.php(36): Illuminate\\Database\\Console\\Migrations\\MigrateCommand->handle()
#22 C:\\Users\\imaru\\Desktop\\dev\\laravel_turamunicipal\\vendor\\laravel\\framework\\src\\Illuminate\\Container\\Util.php(41): Illuminate\\Container\\BoundMethod::Illuminate\\Container\\{closure}()
#23 C:\\Users\\imaru\\Desktop\\dev\\laravel_turamunicipal\\vendor\\laravel\\framework\\src\\Illuminate\\Container\\BoundMethod.php(93): Illuminate\\Container\\Util::unwrapIfClosure(Object(Closure))
#24 C:\\Users\\imaru\\Desktop\\dev\\laravel_turamunicipal\\vendor\\laravel\\framework\\src\\Illuminate\\Container\\BoundMethod.php(35): Illuminate\\Container\\BoundMethod::callBoundMethod(Object(Illuminate\\Foundation\\Application), Array, Object(Closure))
#25 C:\\Users\\imaru\\Desktop\\dev\\laravel_turamunicipal\\vendor\\laravel\\framework\\src\\Illuminate\\Container\\Container.php(662): Illuminate\\Container\\BoundMethod::call(Object(Illuminate\\Foundation\\Application), Array, Array, NULL)
#26 C:\\Users\\imaru\\Desktop\\dev\\laravel_turamunicipal\\vendor\\laravel\\framework\\src\\Illuminate\\Console\\Command.php(211): Illuminate\\Container\\Container->call(Array)
#27 C:\\Users\\imaru\\Desktop\\dev\\laravel_turamunicipal\\vendor\\symfony\\console\\Command\\Command.php(326): Illuminate\\Console\\Command->execute(Object(Symfony\\Component\\Console\\Input\\ArgvInput), Object(Illuminate\\Console\\OutputStyle))
#28 C:\\Users\\imaru\\Desktop\\dev\\laravel_turamunicipal\\vendor\\laravel\\framework\\src\\Illuminate\\Console\\Command.php(180): Symfony\\Component\\Console\\Command\\Command->run(Object(Symfony\\Component\\Console\\Input\\ArgvInput), Object(Illuminate\\Console\\OutputStyle))
#29 C:\\Users\\imaru\\Desktop\\dev\\laravel_turamunicipal\\vendor\\symfony\\console\\Application.php(1096): Illuminate\\Console\\Command->run(Object(Symfony\\Component\\Console\\Input\\ArgvInput), Object(Symfony\\Component\\Console\\Output\\ConsoleOutput))
#30 C:\\Users\\imaru\\Desktop\\dev\\laravel_turamunicipal\\vendor\\symfony\\console\\Application.php(324): Symfony\\Component\\Console\\Application->doRunCommand(Object(Illuminate\\Database\\Console\\Migrations\\MigrateCommand), Object(Symfony\\Component\\Console\\Input\\ArgvInput), Object(Symfony\\Component\\Console\\Output\\ConsoleOutput))
#31 C:\\Users\\imaru\\Desktop\\dev\\laravel_turamunicipal\\vendor\\symfony\\console\\Application.php(175): Symfony\\Component\\Console\\Application->doRun(Object(Symfony\\Component\\Console\\Input\\ArgvInput), Object(Symfony\\Component\\Console\\Output\\ConsoleOutput))
#32 C:\\Users\\imaru\\Desktop\\dev\\laravel_turamunicipal\\vendor\\laravel\\framework\\src\\Illuminate\\Foundation\\Console\\Kernel.php(201): Symfony\\Component\\Console\\Application->run(Object(Symfony\\Component\\Console\\Input\\ArgvInput), Object(Symfony\\Component\\Console\\Output\\ConsoleOutput))
#33 C:\\Users\\imaru\\Desktop\\dev\\laravel_turamunicipal\\artisan(35): Illuminate\\Foundation\\Console\\Kernel->handle(Object(Symfony\\Component\\Console\\Input\\ArgvInput), Object(Symfony\\Component\\Console\\Output\\ConsoleOutput))
#34 {main}
"} 
[2025-12-07 10:34:24] local.ERROR: SQLSTATE[42S01]: Base table or view already exists: 1050 Table 'pet_dog_registrations' already exists (Connection: mysql, SQL: create table `pet_dog_registrations` (`id` bigint unsigned not null auto_increment primary key, `application_id` varchar(255) not null, `owner_name` varchar(255) not null, `identity_proof_type` varchar(255) not null, `identity_proof_number` varchar(255) not null, `identity_proof_document` varchar(255) null, `phone_number` varchar(255) not null, `email` varchar(255) not null, `dog_name` varchar(255) not null, `dog_breed` varchar(255) not null, `address` text not null, `vaccination_card_document` varchar(255) not null, `dog_photo_document` varchar(255) not null, `registration_fee` decimal(8, 2) not null default '50', `metal_tag_fee` decimal(8, 2) not null default '200', `total_fee` decimal(8, 2) not null default '250', `payment_status` enum('pending', 'paid', 'failed') not null default 'pending', `status` enum('pending', 'approved', 'rejected') not null default 'pending', `registration_certificate_path` varchar(255) null, `metal_tag_number` varchar(255) null, `rejection_reason` text null, `approved_at` timestamp null, `user_id` bigint unsigned not null, `approved_by` bigint unsigned null, `created_at` timestamp null, `updated_at` timestamp null) default character set utf8mb4 collate 'utf8mb4_unicode_ci') {"exception":"[object] (Illuminate\\Database\\QueryException(code: 42S01): SQLSTATE[42S01]: Base table or view already exists: 1050 Table 'pet_dog_registrations' already exists (Connection: mysql, SQL: create table `pet_dog_registrations` (`id` bigint unsigned not null auto_increment primary key, `application_id` varchar(255) not null, `owner_name` varchar(255) not null, `identity_proof_type` varchar(255) not null, `identity_proof_number` varchar(255) not null, `identity_proof_document` varchar(255) null, `phone_number` varchar(255) not null, `email` varchar(255) not null, `dog_name` varchar(255) not null, `dog_breed` varchar(255) not null, `address` text not null, `vaccination_card_document` varchar(255) not null, `dog_photo_document` varchar(255) not null, `registration_fee` decimal(8, 2) not null default '50', `metal_tag_fee` decimal(8, 2) not null default '200', `total_fee` decimal(8, 2) not null default '250', `payment_status` enum('pending', 'paid', 'failed') not null default 'pending', `status` enum('pending', 'approved', 'rejected') not null default 'pending', `registration_certificate_path` varchar(255) null, `metal_tag_number` varchar(255) null, `rejection_reason` text null, `approved_at` timestamp null, `user_id` bigint unsigned not null, `approved_by` bigint unsigned null, `created_at` timestamp null, `updated_at` timestamp null) default character set utf8mb4 collate 'utf8mb4_unicode_ci') at C:\\Users\\imaru\\Desktop\\dev\\laravel_turamunicipal\\vendor\\laravel\\framework\\src\\Illuminate\\Database\\Connection.php:829)
[stacktrace]
#0 C:\\Users\\imaru\\Desktop\\dev\\laravel_turamunicipal\\vendor\\laravel\\framework\\src\\Illuminate\\Database\\Connection.php(783): Illuminate\\Database\\Connection->runQueryCallback('create table `p...', Array, Object(Closure))
#1 C:\\Users\\imaru\\Desktop\\dev\\laravel_turamunicipal\\vendor\\laravel\\framework\\src\\Illuminate\\Database\\Connection.php(576): Illuminate\\Database\\Connection->run('create table `p...', Array, Object(Closure))
#2 C:\\Users\\imaru\\Desktop\\dev\\laravel_turamunicipal\\vendor\\laravel\\framework\\src\\Illuminate\\Database\\Schema\\Blueprint.php(110): Illuminate\\Database\\Connection->statement('create table `p...')
#3 C:\\Users\\imaru\\Desktop\\dev\\laravel_turamunicipal\\vendor\\laravel\\framework\\src\\Illuminate\\Database\\Schema\\Builder.php(602): Illuminate\\Database\\Schema\\Blueprint->build(Object(Illuminate\\Database\\MySqlConnection), Object(Illuminate\\Database\\Schema\\Grammars\\MySqlGrammar))
#4 C:\\Users\\imaru\\Desktop\\dev\\laravel_turamunicipal\\vendor\\laravel\\framework\\src\\Illuminate\\Database\\Schema\\Builder.php(456): Illuminate\\Database\\Schema\\Builder->build(Object(Illuminate\\Database\\Schema\\Blueprint))
#5 C:\\Users\\imaru\\Desktop\\dev\\laravel_turamunicipal\\vendor\\laravel\\framework\\src\\Illuminate\\Support\\Facades\\Facade.php(355): Illuminate\\Database\\Schema\\Builder->create('pet_dog_registr...', Object(Closure))
#6 C:\\Users\\imaru\\Desktop\\dev\\laravel_turamunicipal\\database\\migrations\\2025_12_07_103114_create_pet_dog_registrations_table.php(14): Illuminate\\Support\\Facades\\Facade::__callStatic('create', Array)
#7 C:\\Users\\imaru\\Desktop\\dev\\laravel_turamunicipal\\vendor\\laravel\\framework\\src\\Illuminate\\Database\\Migrations\\Migrator.php(493): Illuminate\\Database\\Migrations\\Migration@anonymous->up()
#8 C:\\Users\\imaru\\Desktop\\dev\\laravel_turamunicipal\\vendor\\laravel\\framework\\src\\Illuminate\\Database\\Migrations\\Migrator.php(410): Illuminate\\Database\\Migrations\\Migrator->runMethod(Object(Illuminate\\Database\\MySqlConnection), Object(Illuminate\\Database\\Migrations\\Migration@anonymous), 'up')
#9 C:\\Users\\imaru\\Desktop\\dev\\laravel_turamunicipal\\vendor\\laravel\\framework\\src\\Illuminate\\Database\\Migrations\\Migrator.php(419): Illuminate\\Database\\Migrations\\Migrator->Illuminate\\Database\\Migrations\\{closure}()
#10 C:\\Users\\imaru\\Desktop\\dev\\laravel_turamunicipal\\vendor\\laravel\\framework\\src\\Illuminate\\Database\\Migrations\\Migrator.php(216): Illuminate\\Database\\Migrations\\Migrator->runMigration(Object(Illuminate\\Database\\Migrations\\Migration@anonymous), 'up')
#11 C:\\Users\\imaru\\Desktop\\dev\\laravel_turamunicipal\\vendor\\laravel\\framework\\src\\Illuminate\\Console\\View\\Components\\Task.php(37): Illuminate\\Database\\Migrations\\Migrator->Illuminate\\Database\\Migrations\\{closure}()
#12 C:\\Users\\imaru\\Desktop\\dev\\laravel_turamunicipal\\vendor\\laravel\\framework\\src\\Illuminate\\Database\\Migrations\\Migrator.php(756): Illuminate\\Console\\View\\Components\\Task->render('2025_12_07_1031...', Object(Closure))
#13 C:\\Users\\imaru\\Desktop\\dev\\laravel_turamunicipal\\vendor\\laravel\\framework\\src\\Illuminate\\Database\\Migrations\\Migrator.php(216): Illuminate\\Database\\Migrations\\Migrator->write('Illuminate\\\\Cons...', '2025_12_07_1031...', Object(Closure))
#14 C:\\Users\\imaru\\Desktop\\dev\\laravel_turamunicipal\\vendor\\laravel\\framework\\src\\Illuminate\\Database\\Migrations\\Migrator.php(181): Illuminate\\Database\\Migrations\\Migrator->runUp('C:\\\\Users\\\\imaru\\\\...', 9, false)
#15 C:\\Users\\imaru\\Desktop\\dev\\laravel_turamunicipal\\vendor\\laravel\\framework\\src\\Illuminate\\Database\\Migrations\\Migrator.php(124): Illuminate\\Database\\Migrations\\Migrator->runPending(Array, Array)
#16 C:\\Users\\imaru\\Desktop\\dev\\laravel_turamunicipal\\vendor\\laravel\\framework\\src\\Illuminate\\Database\\Console\\Migrations\\MigrateCommand.php(90): Illuminate\\Database\\Migrations\\Migrator->run(Array, Array)
#17 C:\\Users\\imaru\\Desktop\\dev\\laravel_turamunicipal\\vendor\\laravel\\framework\\src\\Illuminate\\Database\\Migrations\\Migrator.php(633): Illuminate\\Database\\Console\\Migrations\\MigrateCommand->Illuminate\\Database\\Console\\Migrations\\{closure}()
#18 C:\\Users\\imaru\\Desktop\\dev\\laravel_turamunicipal\\vendor\\laravel\\framework\\src\\Illuminate\\Database\\Console\\Migrations\\MigrateCommand.php(83): Illuminate\\Database\\Migrations\\Migrator->usingConnection(NULL, Object(Closure))
#19 C:\\Users\\imaru\\Desktop\\dev\\laravel_turamunicipal\\vendor\\laravel\\framework\\src\\Illuminate\\Container\\BoundMethod.php(36): Illuminate\\Database\\Console\\Migrations\\MigrateCommand->handle()
#20 C:\\Users\\imaru\\Desktop\\dev\\laravel_turamunicipal\\vendor\\laravel\\framework\\src\\Illuminate\\Container\\Util.php(41): Illuminate\\Container\\BoundMethod::Illuminate\\Container\\{closure}()
#21 C:\\Users\\imaru\\Desktop\\dev\\laravel_turamunicipal\\vendor\\laravel\\framework\\src\\Illuminate\\Container\\BoundMethod.php(93): Illuminate\\Container\\Util::unwrapIfClosure(Object(Closure))
#22 C:\\Users\\imaru\\Desktop\\dev\\laravel_turamunicipal\\vendor\\laravel\\framework\\src\\Illuminate\\Container\\BoundMethod.php(35): Illuminate\\Container\\BoundMethod::callBoundMethod(Object(Illuminate\\Foundation\\Application), Array, Object(Closure))
#23 C:\\Users\\imaru\\Desktop\\dev\\laravel_turamunicipal\\vendor\\laravel\\framework\\src\\Illuminate\\Container\\Container.php(662): Illuminate\\Container\\BoundMethod::call(Object(Illuminate\\Foundation\\Application), Array, Array, NULL)
#24 C:\\Users\\imaru\\Desktop\\dev\\laravel_turamunicipal\\vendor\\laravel\\framework\\src\\Illuminate\\Console\\Command.php(211): Illuminate\\Container\\Container->call(Array)
#25 C:\\Users\\imaru\\Desktop\\dev\\laravel_turamunicipal\\vendor\\symfony\\console\\Command\\Command.php(326): Illuminate\\Console\\Command->execute(Object(Symfony\\Component\\Console\\Input\\ArgvInput), Object(Illuminate\\Console\\OutputStyle))
#26 C:\\Users\\imaru\\Desktop\\dev\\laravel_turamunicipal\\vendor\\laravel\\framework\\src\\Illuminate\\Console\\Command.php(180): Symfony\\Component\\Console\\Command\\Command->run(Object(Symfony\\Component\\Console\\Input\\ArgvInput), Object(Illuminate\\Console\\OutputStyle))
#27 C:\\Users\\imaru\\Desktop\\dev\\laravel_turamunicipal\\vendor\\symfony\\console\\Application.php(1096): Illuminate\\Console\\Command->run(Object(Symfony\\Component\\Console\\Input\\ArgvInput), Object(Symfony\\Component\\Console\\Output\\ConsoleOutput))
#28 C:\\Users\\imaru\\Desktop\\dev\\laravel_turamunicipal\\vendor\\symfony\\console\\Application.php(324): Symfony\\Component\\Console\\Application->doRunCommand(Object(Illuminate\\Database\\Console\\Migrations\\MigrateCommand), Object(Symfony\\Component\\Console\\Input\\ArgvInput), Object(Symfony\\Component\\Console\\Output\\ConsoleOutput))
#29 C:\\Users\\imaru\\Desktop\\dev\\laravel_turamunicipal\\vendor\\symfony\\console\\Application.php(175): Symfony\\Component\\Console\\Application->doRun(Object(Symfony\\Component\\Console\\Input\\ArgvInput), Object(Symfony\\Component\\Console\\Output\\ConsoleOutput))
#30 C:\\Users\\imaru\\Desktop\\dev\\laravel_turamunicipal\\vendor\\laravel\\framework\\src\\Illuminate\\Foundation\\Console\\Kernel.php(201): Symfony\\Component\\Console\\Application->run(Object(Symfony\\Component\\Console\\Input\\ArgvInput), Object(Symfony\\Component\\Console\\Output\\ConsoleOutput))
#31 C:\\Users\\imaru\\Desktop\\dev\\laravel_turamunicipal\\artisan(35): Illuminate\\Foundation\\Console\\Kernel->handle(Object(Symfony\\Component\\Console\\Input\\ArgvInput), Object(Symfony\\Component\\Console\\Output\\ConsoleOutput))
#32 {main}

[previous exception] [object] (PDOException(code: 42S01): SQLSTATE[42S01]: Base table or view already exists: 1050 Table 'pet_dog_registrations' already exists at C:\\Users\\imaru\\Desktop\\dev\\laravel_turamunicipal\\vendor\\laravel\\framework\\src\\Illuminate\\Database\\Connection.php:587)
[stacktrace]
#0 C:\\Users\\imaru\\Desktop\\dev\\laravel_turamunicipal\\vendor\\laravel\\framework\\src\\Illuminate\\Database\\Connection.php(587): PDOStatement->execute()
#1 C:\\Users\\imaru\\Desktop\\dev\\laravel_turamunicipal\\vendor\\laravel\\framework\\src\\Illuminate\\Database\\Connection.php(816): Illuminate\\Database\\Connection->Illuminate\\Database\\{closure}('create table `p...', Array)
#2 C:\\Users\\imaru\\Desktop\\dev\\laravel_turamunicipal\\vendor\\laravel\\framework\\src\\Illuminate\\Database\\Connection.php(783): Illuminate\\Database\\Connection->runQueryCallback('create table `p...', Array, Object(Closure))
#3 C:\\Users\\imaru\\Desktop\\dev\\laravel_turamunicipal\\vendor\\laravel\\framework\\src\\Illuminate\\Database\\Connection.php(576): Illuminate\\Database\\Connection->run('create table `p...', Array, Object(Closure))
#4 C:\\Users\\imaru\\Desktop\\dev\\laravel_turamunicipal\\vendor\\laravel\\framework\\src\\Illuminate\\Database\\Schema\\Blueprint.php(110): Illuminate\\Database\\Connection->statement('create table `p...')
#5 C:\\Users\\imaru\\Desktop\\dev\\laravel_turamunicipal\\vendor\\laravel\\framework\\src\\Illuminate\\Database\\Schema\\Builder.php(602): Illuminate\\Database\\Schema\\Blueprint->build(Object(Illuminate\\Database\\MySqlConnection), Object(Illuminate\\Database\\Schema\\Grammars\\MySqlGrammar))
#6 C:\\Users\\imaru\\Desktop\\dev\\laravel_turamunicipal\\vendor\\laravel\\framework\\src\\Illuminate\\Database\\Schema\\Builder.php(456): Illuminate\\Database\\Schema\\Builder->build(Object(Illuminate\\Database\\Schema\\Blueprint))
#7 C:\\Users\\imaru\\Desktop\\dev\\laravel_turamunicipal\\vendor\\laravel\\framework\\src\\Illuminate\\Support\\Facades\\Facade.php(355): Illuminate\\Database\\Schema\\Builder->create('pet_dog_registr...', Object(Closure))
#8 C:\\Users\\imaru\\Desktop\\dev\\laravel_turamunicipal\\database\\migrations\\2025_12_07_103114_create_pet_dog_registrations_table.php(14): Illuminate\\Support\\Facades\\Facade::__callStatic('create', Array)
#9 C:\\Users\\imaru\\Desktop\\dev\\laravel_turamunicipal\\vendor\\laravel\\framework\\src\\Illuminate\\Database\\Migrations\\Migrator.php(493): Illuminate\\Database\\Migrations\\Migration@anonymous->up()
#10 C:\\Users\\imaru\\Desktop\\dev\\laravel_turamunicipal\\vendor\\laravel\\framework\\src\\Illuminate\\Database\\Migrations\\Migrator.php(410): Illuminate\\Database\\Migrations\\Migrator->runMethod(Object(Illuminate\\Database\\MySqlConnection), Object(Illuminate\\Database\\Migrations\\Migration@anonymous), 'up')
#11 C:\\Users\\imaru\\Desktop\\dev\\laravel_turamunicipal\\vendor\\laravel\\framework\\src\\Illuminate\\Database\\Migrations\\Migrator.php(419): Illuminate\\Database\\Migrations\\Migrator->Illuminate\\Database\\Migrations\\{closure}()
#12 C:\\Users\\imaru\\Desktop\\dev\\laravel_turamunicipal\\vendor\\laravel\\framework\\src\\Illuminate\\Database\\Migrations\\Migrator.php(216): Illuminate\\Database\\Migrations\\Migrator->runMigration(Object(Illuminate\\Database\\Migrations\\Migration@anonymous), 'up')
#13 C:\\Users\\imaru\\Desktop\\dev\\laravel_turamunicipal\\vendor\\laravel\\framework\\src\\Illuminate\\Console\\View\\Components\\Task.php(37): Illuminate\\Database\\Migrations\\Migrator->Illuminate\\Database\\Migrations\\{closure}()
#14 C:\\Users\\imaru\\Desktop\\dev\\laravel_turamunicipal\\vendor\\laravel\\framework\\src\\Illuminate\\Database\\Migrations\\Migrator.php(756): Illuminate\\Console\\View\\Components\\Task->render('2025_12_07_1031...', Object(Closure))
#15 C:\\Users\\imaru\\Desktop\\dev\\laravel_turamunicipal\\vendor\\laravel\\framework\\src\\Illuminate\\Database\\Migrations\\Migrator.php(216): Illuminate\\Database\\Migrations\\Migrator->write('Illuminate\\\\Cons...', '2025_12_07_1031...', Object(Closure))
#16 C:\\Users\\imaru\\Desktop\\dev\\laravel_turamunicipal\\vendor\\laravel\\framework\\src\\Illuminate\\Database\\Migrations\\Migrator.php(181): Illuminate\\Database\\Migrations\\Migrator->runUp('C:\\\\Users\\\\imaru\\\\...', 9, false)
#17 C:\\Users\\imaru\\Desktop\\dev\\laravel_turamunicipal\\vendor\\laravel\\framework\\src\\Illuminate\\Database\\Migrations\\Migrator.php(124): Illuminate\\Database\\Migrations\\Migrator->runPending(Array, Array)
#18 C:\\Users\\imaru\\Desktop\\dev\\laravel_turamunicipal\\vendor\\laravel\\framework\\src\\Illuminate\\Database\\Console\\Migrations\\MigrateCommand.php(90): Illuminate\\Database\\Migrations\\Migrator->run(Array, Array)
#19 C:\\Users\\imaru\\Desktop\\dev\\laravel_turamunicipal\\vendor\\laravel\\framework\\src\\Illuminate\\Database\\Migrations\\Migrator.php(633): Illuminate\\Database\\Console\\Migrations\\MigrateCommand->Illuminate\\Database\\Console\\Migrations\\{closure}()
#20 C:\\Users\\imaru\\Desktop\\dev\\laravel_turamunicipal\\vendor\\laravel\\framework\\src\\Illuminate\\Database\\Console\\Migrations\\MigrateCommand.php(83): Illuminate\\Database\\Migrations\\Migrator->usingConnection(NULL, Object(Closure))
#21 C:\\Users\\imaru\\Desktop\\dev\\laravel_turamunicipal\\vendor\\laravel\\framework\\src\\Illuminate\\Container\\BoundMethod.php(36): Illuminate\\Database\\Console\\Migrations\\MigrateCommand->handle()
#22 C:\\Users\\imaru\\Desktop\\dev\\laravel_turamunicipal\\vendor\\laravel\\framework\\src\\Illuminate\\Container\\Util.php(41): Illuminate\\Container\\BoundMethod::Illuminate\\Container\\{closure}()
#23 C:\\Users\\imaru\\Desktop\\dev\\laravel_turamunicipal\\vendor\\laravel\\framework\\src\\Illuminate\\Container\\BoundMethod.php(93): Illuminate\\Container\\Util::unwrapIfClosure(Object(Closure))
#24 C:\\Users\\imaru\\Desktop\\dev\\laravel_turamunicipal\\vendor\\laravel\\framework\\src\\Illuminate\\Container\\BoundMethod.php(35): Illuminate\\Container\\BoundMethod::callBoundMethod(Object(Illuminate\\Foundation\\Application), Array, Object(Closure))
#25 C:\\Users\\imaru\\Desktop\\dev\\laravel_turamunicipal\\vendor\\laravel\\framework\\src\\Illuminate\\Container\\Container.php(662): Illuminate\\Container\\BoundMethod::call(Object(Illuminate\\Foundation\\Application), Array, Array, NULL)
#26 C:\\Users\\imaru\\Desktop\\dev\\laravel_turamunicipal\\vendor\\laravel\\framework\\src\\Illuminate\\Console\\Command.php(211): Illuminate\\Container\\Container->call(Array)
#27 C:\\Users\\imaru\\Desktop\\dev\\laravel_turamunicipal\\vendor\\symfony\\console\\Command\\Command.php(326): Illuminate\\Console\\Command->execute(Object(Symfony\\Component\\Console\\Input\\ArgvInput), Object(Illuminate\\Console\\OutputStyle))
#28 C:\\Users\\imaru\\Desktop\\dev\\laravel_turamunicipal\\vendor\\laravel\\framework\\src\\Illuminate\\Console\\Command.php(180): Symfony\\Component\\Console\\Command\\Command->run(Object(Symfony\\Component\\Console\\Input\\ArgvInput), Object(Illuminate\\Console\\OutputStyle))
#29 C:\\Users\\imaru\\Desktop\\dev\\laravel_turamunicipal\\vendor\\symfony\\console\\Application.php(1096): Illuminate\\Console\\Command->run(Object(Symfony\\Component\\Console\\Input\\ArgvInput), Object(Symfony\\Component\\Console\\Output\\ConsoleOutput))
#30 C:\\Users\\imaru\\Desktop\\dev\\laravel_turamunicipal\\vendor\\symfony\\console\\Application.php(324): Symfony\\Component\\Console\\Application->doRunCommand(Object(Illuminate\\Database\\Console\\Migrations\\MigrateCommand), Object(Symfony\\Component\\Console\\Input\\ArgvInput), Object(Symfony\\Component\\Console\\Output\\ConsoleOutput))
#31 C:\\Users\\imaru\\Desktop\\dev\\laravel_turamunicipal\\vendor\\symfony\\console\\Application.php(175): Symfony\\Component\\Console\\Application->doRun(Object(Symfony\\Component\\Console\\Input\\ArgvInput), Object(Symfony\\Component\\Console\\Output\\ConsoleOutput))
#32 C:\\Users\\imaru\\Desktop\\dev\\laravel_turamunicipal\\vendor\\laravel\\framework\\src\\Illuminate\\Foundation\\Console\\Kernel.php(201): Symfony\\Component\\Console\\Application->run(Object(Symfony\\Component\\Console\\Input\\ArgvInput), Object(Symfony\\Component\\Console\\Output\\ConsoleOutput))
#33 C:\\Users\\imaru\\Desktop\\dev\\laravel_turamunicipal\\artisan(35): Illuminate\\Foundation\\Console\\Kernel->handle(Object(Symfony\\Component\\Console\\Input\\ArgvInput), Object(Symfony\\Component\\Console\\Output\\ConsoleOutput))
#34 {main}
"} 
[2025-12-07 10:34:35] local.ERROR: SQLSTATE[42S01]: Base table or view already exists: 1050 Table 'pet_dog_registrations' already exists (Connection: mysql, SQL: create table `pet_dog_registrations` (`id` bigint unsigned not null auto_increment primary key, `application_id` varchar(255) not null, `owner_name` varchar(255) not null, `identity_proof_type` varchar(255) not null, `identity_proof_number` varchar(255) not null, `identity_proof_document` varchar(255) null, `phone_number` varchar(255) not null, `email` varchar(255) not null, `dog_name` varchar(255) not null, `dog_breed` varchar(255) not null, `address` text not null, `vaccination_card_document` varchar(255) not null, `dog_photo_document` varchar(255) not null, `registration_fee` decimal(8, 2) not null default '50', `metal_tag_fee` decimal(8, 2) not null default '200', `total_fee` decimal(8, 2) not null default '250', `payment_status` enum('pending', 'paid', 'failed') not null default 'pending', `status` enum('pending', 'approved', 'rejected') not null default 'pending', `registration_certificate_path` varchar(255) null, `metal_tag_number` varchar(255) null, `rejection_reason` text null, `approved_at` timestamp null, `user_id` bigint unsigned not null, `approved_by` bigint unsigned null, `created_at` timestamp null, `updated_at` timestamp null) default character set utf8mb4 collate 'utf8mb4_unicode_ci') {"exception":"[object] (Illuminate\\Database\\QueryException(code: 42S01): SQLSTATE[42S01]: Base table or view already exists: 1050 Table 'pet_dog_registrations' already exists (Connection: mysql, SQL: create table `pet_dog_registrations` (`id` bigint unsigned not null auto_increment primary key, `application_id` varchar(255) not null, `owner_name` varchar(255) not null, `identity_proof_type` varchar(255) not null, `identity_proof_number` varchar(255) not null, `identity_proof_document` varchar(255) null, `phone_number` varchar(255) not null, `email` varchar(255) not null, `dog_name` varchar(255) not null, `dog_breed` varchar(255) not null, `address` text not null, `vaccination_card_document` varchar(255) not null, `dog_photo_document` varchar(255) not null, `registration_fee` decimal(8, 2) not null default '50', `metal_tag_fee` decimal(8, 2) not null default '200', `total_fee` decimal(8, 2) not null default '250', `payment_status` enum('pending', 'paid', 'failed') not null default 'pending', `status` enum('pending', 'approved', 'rejected') not null default 'pending', `registration_certificate_path` varchar(255) null, `metal_tag_number` varchar(255) null, `rejection_reason` text null, `approved_at` timestamp null, `user_id` bigint unsigned not null, `approved_by` bigint unsigned null, `created_at` timestamp null, `updated_at` timestamp null) default character set utf8mb4 collate 'utf8mb4_unicode_ci') at C:\\Users\\imaru\\Desktop\\dev\\laravel_turamunicipal\\vendor\\laravel\\framework\\src\\Illuminate\\Database\\Connection.php:829)
[stacktrace]
#0 C:\\Users\\imaru\\Desktop\\dev\\laravel_turamunicipal\\vendor\\laravel\\framework\\src\\Illuminate\\Database\\Connection.php(783): Illuminate\\Database\\Connection->runQueryCallback('create table `p...', Array, Object(Closure))
#1 C:\\Users\\imaru\\Desktop\\dev\\laravel_turamunicipal\\vendor\\laravel\\framework\\src\\Illuminate\\Database\\Connection.php(576): Illuminate\\Database\\Connection->run('create table `p...', Array, Object(Closure))
#2 C:\\Users\\imaru\\Desktop\\dev\\laravel_turamunicipal\\vendor\\laravel\\framework\\src\\Illuminate\\Database\\Schema\\Blueprint.php(110): Illuminate\\Database\\Connection->statement('create table `p...')
#3 C:\\Users\\imaru\\Desktop\\dev\\laravel_turamunicipal\\vendor\\laravel\\framework\\src\\Illuminate\\Database\\Schema\\Builder.php(602): Illuminate\\Database\\Schema\\Blueprint->build(Object(Illuminate\\Database\\MySqlConnection), Object(Illuminate\\Database\\Schema\\Grammars\\MySqlGrammar))
#4 C:\\Users\\imaru\\Desktop\\dev\\laravel_turamunicipal\\vendor\\laravel\\framework\\src\\Illuminate\\Database\\Schema\\Builder.php(456): Illuminate\\Database\\Schema\\Builder->build(Object(Illuminate\\Database\\Schema\\Blueprint))
#5 C:\\Users\\imaru\\Desktop\\dev\\laravel_turamunicipal\\vendor\\laravel\\framework\\src\\Illuminate\\Support\\Facades\\Facade.php(355): Illuminate\\Database\\Schema\\Builder->create('pet_dog_registr...', Object(Closure))
#6 C:\\Users\\imaru\\Desktop\\dev\\laravel_turamunicipal\\database\\migrations\\2025_12_07_103114_create_pet_dog_registrations_table.php(14): Illuminate\\Support\\Facades\\Facade::__callStatic('create', Array)
#7 C:\\Users\\imaru\\Desktop\\dev\\laravel_turamunicipal\\vendor\\laravel\\framework\\src\\Illuminate\\Database\\Migrations\\Migrator.php(493): Illuminate\\Database\\Migrations\\Migration@anonymous->up()
#8 C:\\Users\\imaru\\Desktop\\dev\\laravel_turamunicipal\\vendor\\laravel\\framework\\src\\Illuminate\\Database\\Migrations\\Migrator.php(410): Illuminate\\Database\\Migrations\\Migrator->runMethod(Object(Illuminate\\Database\\MySqlConnection), Object(Illuminate\\Database\\Migrations\\Migration@anonymous), 'up')
#9 C:\\Users\\imaru\\Desktop\\dev\\laravel_turamunicipal\\vendor\\laravel\\framework\\src\\Illuminate\\Database\\Migrations\\Migrator.php(419): Illuminate\\Database\\Migrations\\Migrator->Illuminate\\Database\\Migrations\\{closure}()
#10 C:\\Users\\imaru\\Desktop\\dev\\laravel_turamunicipal\\vendor\\laravel\\framework\\src\\Illuminate\\Database\\Migrations\\Migrator.php(216): Illuminate\\Database\\Migrations\\Migrator->runMigration(Object(Illuminate\\Database\\Migrations\\Migration@anonymous), 'up')
#11 C:\\Users\\imaru\\Desktop\\dev\\laravel_turamunicipal\\vendor\\laravel\\framework\\src\\Illuminate\\Console\\View\\Components\\Task.php(37): Illuminate\\Database\\Migrations\\Migrator->Illuminate\\Database\\Migrations\\{closure}()
#12 C:\\Users\\imaru\\Desktop\\dev\\laravel_turamunicipal\\vendor\\laravel\\framework\\src\\Illuminate\\Database\\Migrations\\Migrator.php(756): Illuminate\\Console\\View\\Components\\Task->render('2025_12_07_1031...', Object(Closure))
#13 C:\\Users\\imaru\\Desktop\\dev\\laravel_turamunicipal\\vendor\\laravel\\framework\\src\\Illuminate\\Database\\Migrations\\Migrator.php(216): Illuminate\\Database\\Migrations\\Migrator->write('Illuminate\\\\Cons...', '2025_12_07_1031...', Object(Closure))
#14 C:\\Users\\imaru\\Desktop\\dev\\laravel_turamunicipal\\vendor\\laravel\\framework\\src\\Illuminate\\Database\\Migrations\\Migrator.php(181): Illuminate\\Database\\Migrations\\Migrator->runUp('C:\\\\Users\\\\imaru\\\\...', 9, false)
#15 C:\\Users\\imaru\\Desktop\\dev\\laravel_turamunicipal\\vendor\\laravel\\framework\\src\\Illuminate\\Database\\Migrations\\Migrator.php(124): Illuminate\\Database\\Migrations\\Migrator->runPending(Array, Array)
#16 C:\\Users\\imaru\\Desktop\\dev\\laravel_turamunicipal\\vendor\\laravel\\framework\\src\\Illuminate\\Database\\Console\\Migrations\\MigrateCommand.php(90): Illuminate\\Database\\Migrations\\Migrator->run(Array, Array)
#17 C:\\Users\\imaru\\Desktop\\dev\\laravel_turamunicipal\\vendor\\laravel\\framework\\src\\Illuminate\\Database\\Migrations\\Migrator.php(633): Illuminate\\Database\\Console\\Migrations\\MigrateCommand->Illuminate\\Database\\Console\\Migrations\\{closure}()
#18 C:\\Users\\imaru\\Desktop\\dev\\laravel_turamunicipal\\vendor\\laravel\\framework\\src\\Illuminate\\Database\\Console\\Migrations\\MigrateCommand.php(83): Illuminate\\Database\\Migrations\\Migrator->usingConnection(NULL, Object(Closure))
#19 C:\\Users\\imaru\\Desktop\\dev\\laravel_turamunicipal\\vendor\\laravel\\framework\\src\\Illuminate\\Container\\BoundMethod.php(36): Illuminate\\Database\\Console\\Migrations\\MigrateCommand->handle()
#20 C:\\Users\\imaru\\Desktop\\dev\\laravel_turamunicipal\\vendor\\laravel\\framework\\src\\Illuminate\\Container\\Util.php(41): Illuminate\\Container\\BoundMethod::Illuminate\\Container\\{closure}()
#21 C:\\Users\\imaru\\Desktop\\dev\\laravel_turamunicipal\\vendor\\laravel\\framework\\src\\Illuminate\\Container\\BoundMethod.php(93): Illuminate\\Container\\Util::unwrapIfClosure(Object(Closure))
#22 C:\\Users\\imaru\\Desktop\\dev\\laravel_turamunicipal\\vendor\\laravel\\framework\\src\\Illuminate\\Container\\BoundMethod.php(35): Illuminate\\Container\\BoundMethod::callBoundMethod(Object(Illuminate\\Foundation\\Application), Array, Object(Closure))
#23 C:\\Users\\imaru\\Desktop\\dev\\laravel_turamunicipal\\vendor\\laravel\\framework\\src\\Illuminate\\Container\\Container.php(662): Illuminate\\Container\\BoundMethod::call(Object(Illuminate\\Foundation\\Application), Array, Array, NULL)
#24 C:\\Users\\imaru\\Desktop\\dev\\laravel_turamunicipal\\vendor\\laravel\\framework\\src\\Illuminate\\Console\\Command.php(211): Illuminate\\Container\\Container->call(Array)
#25 C:\\Users\\imaru\\Desktop\\dev\\laravel_turamunicipal\\vendor\\symfony\\console\\Command\\Command.php(326): Illuminate\\Console\\Command->execute(Object(Symfony\\Component\\Console\\Input\\ArgvInput), Object(Illuminate\\Console\\OutputStyle))
#26 C:\\Users\\imaru\\Desktop\\dev\\laravel_turamunicipal\\vendor\\laravel\\framework\\src\\Illuminate\\Console\\Command.php(180): Symfony\\Component\\Console\\Command\\Command->run(Object(Symfony\\Component\\Console\\Input\\ArgvInput), Object(Illuminate\\Console\\OutputStyle))
#27 C:\\Users\\imaru\\Desktop\\dev\\laravel_turamunicipal\\vendor\\symfony\\console\\Application.php(1096): Illuminate\\Console\\Command->run(Object(Symfony\\Component\\Console\\Input\\ArgvInput), Object(Symfony\\Component\\Console\\Output\\ConsoleOutput))
#28 C:\\Users\\imaru\\Desktop\\dev\\laravel_turamunicipal\\vendor\\symfony\\console\\Application.php(324): Symfony\\Component\\Console\\Application->doRunCommand(Object(Illuminate\\Database\\Console\\Migrations\\MigrateCommand), Object(Symfony\\Component\\Console\\Input\\ArgvInput), Object(Symfony\\Component\\Console\\Output\\ConsoleOutput))
#29 C:\\Users\\imaru\\Desktop\\dev\\laravel_turamunicipal\\vendor\\symfony\\console\\Application.php(175): Symfony\\Component\\Console\\Application->doRun(Object(Symfony\\Component\\Console\\Input\\ArgvInput), Object(Symfony\\Component\\Console\\Output\\ConsoleOutput))
#30 C:\\Users\\imaru\\Desktop\\dev\\laravel_turamunicipal\\vendor\\laravel\\framework\\src\\Illuminate\\Foundation\\Console\\Kernel.php(201): Symfony\\Component\\Console\\Application->run(Object(Symfony\\Component\\Console\\Input\\ArgvInput), Object(Symfony\\Component\\Console\\Output\\ConsoleOutput))
#31 C:\\Users\\imaru\\Desktop\\dev\\laravel_turamunicipal\\artisan(35): Illuminate\\Foundation\\Console\\Kernel->handle(Object(Symfony\\Component\\Console\\Input\\ArgvInput), Object(Symfony\\Component\\Console\\Output\\ConsoleOutput))
#32 {main}

[previous exception] [object] (PDOException(code: 42S01): SQLSTATE[42S01]: Base table or view already exists: 1050 Table 'pet_dog_registrations' already exists at C:\\Users\\imaru\\Desktop\\dev\\laravel_turamunicipal\\vendor\\laravel\\framework\\src\\Illuminate\\Database\\Connection.php:587)
[stacktrace]
#0 C:\\Users\\imaru\\Desktop\\dev\\laravel_turamunicipal\\vendor\\laravel\\framework\\src\\Illuminate\\Database\\Connection.php(587): PDOStatement->execute()
#1 C:\\Users\\imaru\\Desktop\\dev\\laravel_turamunicipal\\vendor\\laravel\\framework\\src\\Illuminate\\Database\\Connection.php(816): Illuminate\\Database\\Connection->Illuminate\\Database\\{closure}('create table `p...', Array)
#2 C:\\Users\\imaru\\Desktop\\dev\\laravel_turamunicipal\\vendor\\laravel\\framework\\src\\Illuminate\\Database\\Connection.php(783): Illuminate\\Database\\Connection->runQueryCallback('create table `p...', Array, Object(Closure))
#3 C:\\Users\\imaru\\Desktop\\dev\\laravel_turamunicipal\\vendor\\laravel\\framework\\src\\Illuminate\\Database\\Connection.php(576): Illuminate\\Database\\Connection->run('create table `p...', Array, Object(Closure))
#4 C:\\Users\\imaru\\Desktop\\dev\\laravel_turamunicipal\\vendor\\laravel\\framework\\src\\Illuminate\\Database\\Schema\\Blueprint.php(110): Illuminate\\Database\\Connection->statement('create table `p...')
#5 C:\\Users\\imaru\\Desktop\\dev\\laravel_turamunicipal\\vendor\\laravel\\framework\\src\\Illuminate\\Database\\Schema\\Builder.php(602): Illuminate\\Database\\Schema\\Blueprint->build(Object(Illuminate\\Database\\MySqlConnection), Object(Illuminate\\Database\\Schema\\Grammars\\MySqlGrammar))
#6 C:\\Users\\imaru\\Desktop\\dev\\laravel_turamunicipal\\vendor\\laravel\\framework\\src\\Illuminate\\Database\\Schema\\Builder.php(456): Illuminate\\Database\\Schema\\Builder->build(Object(Illuminate\\Database\\Schema\\Blueprint))
#7 C:\\Users\\imaru\\Desktop\\dev\\laravel_turamunicipal\\vendor\\laravel\\framework\\src\\Illuminate\\Support\\Facades\\Facade.php(355): Illuminate\\Database\\Schema\\Builder->create('pet_dog_registr...', Object(Closure))
#8 C:\\Users\\imaru\\Desktop\\dev\\laravel_turamunicipal\\database\\migrations\\2025_12_07_103114_create_pet_dog_registrations_table.php(14): Illuminate\\Support\\Facades\\Facade::__callStatic('create', Array)
#9 C:\\Users\\imaru\\Desktop\\dev\\laravel_turamunicipal\\vendor\\laravel\\framework\\src\\Illuminate\\Database\\Migrations\\Migrator.php(493): Illuminate\\Database\\Migrations\\Migration@anonymous->up()
#10 C:\\Users\\imaru\\Desktop\\dev\\laravel_turamunicipal\\vendor\\laravel\\framework\\src\\Illuminate\\Database\\Migrations\\Migrator.php(410): Illuminate\\Database\\Migrations\\Migrator->runMethod(Object(Illuminate\\Database\\MySqlConnection), Object(Illuminate\\Database\\Migrations\\Migration@anonymous), 'up')
#11 C:\\Users\\imaru\\Desktop\\dev\\laravel_turamunicipal\\vendor\\laravel\\framework\\src\\Illuminate\\Database\\Migrations\\Migrator.php(419): Illuminate\\Database\\Migrations\\Migrator->Illuminate\\Database\\Migrations\\{closure}()
#12 C:\\Users\\imaru\\Desktop\\dev\\laravel_turamunicipal\\vendor\\laravel\\framework\\src\\Illuminate\\Database\\Migrations\\Migrator.php(216): Illuminate\\Database\\Migrations\\Migrator->runMigration(Object(Illuminate\\Database\\Migrations\\Migration@anonymous), 'up')
#13 C:\\Users\\imaru\\Desktop\\dev\\laravel_turamunicipal\\vendor\\laravel\\framework\\src\\Illuminate\\Console\\View\\Components\\Task.php(37): Illuminate\\Database\\Migrations\\Migrator->Illuminate\\Database\\Migrations\\{closure}()
#14 C:\\Users\\imaru\\Desktop\\dev\\laravel_turamunicipal\\vendor\\laravel\\framework\\src\\Illuminate\\Database\\Migrations\\Migrator.php(756): Illuminate\\Console\\View\\Components\\Task->render('2025_12_07_1031...', Object(Closure))
#15 C:\\Users\\imaru\\Desktop\\dev\\laravel_turamunicipal\\vendor\\laravel\\framework\\src\\Illuminate\\Database\\Migrations\\Migrator.php(216): Illuminate\\Database\\Migrations\\Migrator->write('Illuminate\\\\Cons...', '2025_12_07_1031...', Object(Closure))
#16 C:\\Users\\imaru\\Desktop\\dev\\laravel_turamunicipal\\vendor\\laravel\\framework\\src\\Illuminate\\Database\\Migrations\\Migrator.php(181): Illuminate\\Database\\Migrations\\Migrator->runUp('C:\\\\Users\\\\imaru\\\\...', 9, false)
#17 C:\\Users\\imaru\\Desktop\\dev\\laravel_turamunicipal\\vendor\\laravel\\framework\\src\\Illuminate\\Database\\Migrations\\Migrator.php(124): Illuminate\\Database\\Migrations\\Migrator->runPending(Array, Array)
#18 C:\\Users\\imaru\\Desktop\\dev\\laravel_turamunicipal\\vendor\\laravel\\framework\\src\\Illuminate\\Database\\Console\\Migrations\\MigrateCommand.php(90): Illuminate\\Database\\Migrations\\Migrator->run(Array, Array)
#19 C:\\Users\\imaru\\Desktop\\dev\\laravel_turamunicipal\\vendor\\laravel\\framework\\src\\Illuminate\\Database\\Migrations\\Migrator.php(633): Illuminate\\Database\\Console\\Migrations\\MigrateCommand->Illuminate\\Database\\Console\\Migrations\\{closure}()
#20 C:\\Users\\imaru\\Desktop\\dev\\laravel_turamunicipal\\vendor\\laravel\\framework\\src\\Illuminate\\Database\\Console\\Migrations\\MigrateCommand.php(83): Illuminate\\Database\\Migrations\\Migrator->usingConnection(NULL, Object(Closure))
#21 C:\\Users\\imaru\\Desktop\\dev\\laravel_turamunicipal\\vendor\\laravel\\framework\\src\\Illuminate\\Container\\BoundMethod.php(36): Illuminate\\Database\\Console\\Migrations\\MigrateCommand->handle()
#22 C:\\Users\\imaru\\Desktop\\dev\\laravel_turamunicipal\\vendor\\laravel\\framework\\src\\Illuminate\\Container\\Util.php(41): Illuminate\\Container\\BoundMethod::Illuminate\\Container\\{closure}()
#23 C:\\Users\\imaru\\Desktop\\dev\\laravel_turamunicipal\\vendor\\laravel\\framework\\src\\Illuminate\\Container\\BoundMethod.php(93): Illuminate\\Container\\Util::unwrapIfClosure(Object(Closure))
#24 C:\\Users\\imaru\\Desktop\\dev\\laravel_turamunicipal\\vendor\\laravel\\framework\\src\\Illuminate\\Container\\BoundMethod.php(35): Illuminate\\Container\\BoundMethod::callBoundMethod(Object(Illuminate\\Foundation\\Application), Array, Object(Closure))
#25 C:\\Users\\imaru\\Desktop\\dev\\laravel_turamunicipal\\vendor\\laravel\\framework\\src\\Illuminate\\Container\\Container.php(662): Illuminate\\Container\\BoundMethod::call(Object(Illuminate\\Foundation\\Application), Array, Array, NULL)
#26 C:\\Users\\imaru\\Desktop\\dev\\laravel_turamunicipal\\vendor\\laravel\\framework\\src\\Illuminate\\Console\\Command.php(211): Illuminate\\Container\\Container->call(Array)
#27 C:\\Users\\imaru\\Desktop\\dev\\laravel_turamunicipal\\vendor\\symfony\\console\\Command\\Command.php(326): Illuminate\\Console\\Command->execute(Object(Symfony\\Component\\Console\\Input\\ArgvInput), Object(Illuminate\\Console\\OutputStyle))
#28 C:\\Users\\imaru\\Desktop\\dev\\laravel_turamunicipal\\vendor\\laravel\\framework\\src\\Illuminate\\Console\\Command.php(180): Symfony\\Component\\Console\\Command\\Command->run(Object(Symfony\\Component\\Console\\Input\\ArgvInput), Object(Illuminate\\Console\\OutputStyle))
#29 C:\\Users\\imaru\\Desktop\\dev\\laravel_turamunicipal\\vendor\\symfony\\console\\Application.php(1096): Illuminate\\Console\\Command->run(Object(Symfony\\Component\\Console\\Input\\ArgvInput), Object(Symfony\\Component\\Console\\Output\\ConsoleOutput))
#30 C:\\Users\\imaru\\Desktop\\dev\\laravel_turamunicipal\\vendor\\symfony\\console\\Application.php(324): Symfony\\Component\\Console\\Application->doRunCommand(Object(Illuminate\\Database\\Console\\Migrations\\MigrateCommand), Object(Symfony\\Component\\Console\\Input\\ArgvInput), Object(Symfony\\Component\\Console\\Output\\ConsoleOutput))
#31 C:\\Users\\imaru\\Desktop\\dev\\laravel_turamunicipal\\vendor\\symfony\\console\\Application.php(175): Symfony\\Component\\Console\\Application->doRun(Object(Symfony\\Component\\Console\\Input\\ArgvInput), Object(Symfony\\Component\\Console\\Output\\ConsoleOutput))
#32 C:\\Users\\imaru\\Desktop\\dev\\laravel_turamunicipal\\vendor\\laravel\\framework\\src\\Illuminate\\Foundation\\Console\\Kernel.php(201): Symfony\\Component\\Console\\Application->run(Object(Symfony\\Component\\Console\\Input\\ArgvInput), Object(Symfony\\Component\\Console\\Output\\ConsoleOutput))
#33 C:\\Users\\imaru\\Desktop\\dev\\laravel_turamunicipal\\artisan(35): Illuminate\\Foundation\\Console\\Kernel->handle(Object(Symfony\\Component\\Console\\Input\\ArgvInput), Object(Symfony\\Component\\Console\\Output\\ConsoleOutput))
#34 {main}
"} 
[2025-12-07 10:38:54] local.ERROR: User not found during login {"email":"test@example.com"} 
[2025-12-07 10:38:54] local.ERROR: MunicipalBoardException in login {"error":"We cannot find the user with that e-mail address. You need to register first."} 
[2025-12-07 18:38:58] local.ERROR: MunicipalBoardException in login {"error":"Invalid Credentials"} 
[2025-12-07 18:39:05] local.ERROR: MunicipalBoardException in login {"error":"Invalid Credentials"} 
